# JRE version: Java(TM) SE Runtime Environment (17.0.6+9) (build 17.0.6+9-LTS-190)
# Java VM: Java HotSpot(TM) 64-Bit Server VM (17.0.6+9-LTS-190, mixed mode, sharing, tiered, compressed oops, compressed class ptrs, g1 gc, windows-amd64)
GC Precious Log:
 CPUs: 2 total, 2 available
 Memory: 2047M
 Large Page Support: Disabled
 NUMA Support: Disabled
 Compressed Oops: Enabled (32-bit)
 Heap Region Size: 1M
 Heap Min Capacity: 8M
 Heap Initial Capacity: 32M
 Heap Max Capacity: 512M
 Pre-touch: Disabled
 Parallel Workers: 2
 Concurrent Workers: 1
 Concurrent Refinement Workers: 2
 Periodic GC: Disabled
Heap:
 garbage-first heap   total 440320K, used 269546K [0x00000000e0000000, 0x0000000100000000)
  region size 1024K, 2 young (2048K), 1 survivors (1024K)
 Metaspace       used 22715K, committed 22976K, reserved 1073152K
  class space    used 2476K, committed 2624K, reserved 1048576K
GC Heap History (20 events):
Event: 17.991 GC heap before
{Heap before GC invocations=54 (full 0):
 garbage-first heap   total 365568K, used 216271K [0x00000000e0000000, 0x0000000100000000)
  region size 1024K, 2 young (2048K), 1 survivors (1024K)
 Metaspace       used 22614K, committed 22848K, reserved 1073152K
  class space    used 2469K, committed 2560K, reserved 1048576K
}
Event: 17.993 GC heap after
{Heap after GC invocations=55 (full 0):
 garbage-first heap   total 365568K, used 216266K [0x00000000e0000000, 0x0000000100000000)
  region size 1024K, 1 young (1024K), 1 survivors (1024K)
 Metaspace       used 22614K, committed 22848K, reserved 1073152K
  class space    used 2469K, committed 2560K, reserved 1048576K
}
Event: 18.199 GC heap before
{Heap before GC invocations=56 (full 0):
 garbage-first heap   total 370688K, used 220362K [0x00000000e0000000, 0x0000000100000000)
  region size 1024K, 2 young (2048K), 1 survivors (1024K)
 Metaspace       used 22614K, committed 22848K, reserved 1073152K
  class space    used 2469K, committed 2560K, reserved 1048576K
}
Event: 18.200 GC heap after
{Heap after GC invocations=57 (full 0):
 garbage-first heap   total 370688K, used 220364K [0x00000000e0000000, 0x0000000100000000)
  region size 1024K, 1 young (1024K), 1 survivors (1024K)
 Metaspace       used 22614K, committed 22848K, reserved 1073152K
  class space    used 2469K, committed 2560K, reserved 1048576K
}
Event: 18.423 GC heap before
{Heap before GC invocations=58 (full 0):
 garbage-first heap   total 378880K, used 228556K [0x00000000e0000000, 0x0000000100000000)
  region size 1024K, 2 young (2048K), 1 survivors (1024K)
 Metaspace       used 22632K, committed 22848K, reserved 1073152K
  class space    used 2469K, committed 2560K, reserved 1048576K
}
Event: 18.426 GC heap after
{Heap after GC invocations=59 (full 0):
 garbage-first heap   total 378880K, used 228559K [0x00000000e0000000, 0x0000000100000000)
  region size 1024K, 1 young (1024K), 1 survivors (1024K)
 Metaspace       used 22632K, committed 22848K, reserved 1073152K
  class space    used 2469K, committed 2560K, reserved 1048576K
}
Event: 18.517 GC heap before
{Heap before GC invocations=60 (full 0):
 garbage-first heap   total 386048K, used 233679K [0x00000000e0000000, 0x0000000100000000)
  region size 1024K, 3 young (3072K), 1 survivors (1024K)
 Metaspace       used 22632K, committed 22848K, reserved 1073152K
  class space    used 2469K, committed 2560K, reserved 1048576K
}
Event: 18.519 GC heap after
{Heap after GC invocations=61 (full 0):
 garbage-first heap   total 386048K, used 232658K [0x00000000e0000000, 0x0000000100000000)
  region size 1024K, 1 young (1024K), 1 survivors (1024K)
 Metaspace       used 22632K, committed 22848K, reserved 1073152K
  class space    used 2469K, committed 2560K, reserved 1048576K
}
Event: 18.612 GC heap before
{Heap before GC invocations=62 (full 0):
 garbage-first heap   total 399360K, used 236754K [0x00000000e0000000, 0x0000000100000000)
  region size 1024K, 2 young (2048K), 1 survivors (1024K)
 Metaspace       used 22632K, committed 22848K, reserved 1073152K
  class space    used 2469K, committed 2560K, reserved 1048576K
}
Event: 18.615 GC heap after
{Heap after GC invocations=63 (full 0):
 garbage-first heap   total 399360K, used 236755K [0x00000000e0000000, 0x0000000100000000)
  region size 1024K, 1 young (1024K), 1 survivors (1024K)
 Metaspace       used 22632K, committed 22848K, reserved 1073152K
  class space    used 2469K, committed 2560K, reserved 1048576K
}
Event: 18.684 GC heap before
{Heap before GC invocations=64 (full 0):
 garbage-first heap   total 406528K, used 240851K [0x00000000e0000000, 0x0000000100000000)
  region size 1024K, 2 young (2048K), 1 survivors (1024K)
 Metaspace       used 22634K, committed 22848K, reserved 1073152K
  class space    used 2469K, committed 2560K, reserved 1048576K
}
Event: 18.691 GC heap after
{Heap after GC invocations=65 (full 0):
 garbage-first heap   total 406528K, used 240854K [0x00000000e0000000, 0x0000000100000000)
  region size 1024K, 1 young (1024K), 1 survivors (1024K)
 Metaspace       used 22634K, committed 22848K, reserved 1073152K
  class space    used 2469K, committed 2560K, reserved 1048576K
}
Event: 18.855 GC heap before
{Heap before GC invocations=66 (full 0):
 garbage-first heap   total 413696K, used 244950K [0x00000000e0000000, 0x0000000100000000)
  region size 1024K, 2 young (2048K), 1 survivors (1024K)
 Metaspace       used 22634K, committed 22848K, reserved 1073152K
  class space    used 2469K, committed 2560K, reserved 1048576K
}
Event: 18.866 GC heap after
{Heap after GC invocations=67 (full 0):
 garbage-first heap   total 413696K, used 244952K [0x00000000e0000000, 0x0000000100000000)
  region size 1024K, 1 young (1024K), 1 survivors (1024K)
 Metaspace       used 22634K, committed 22848K, reserved 1073152K
  class space    used 2469K, committed 2560K, reserved 1048576K
}
Event: 19.031 GC heap before
{Heap before GC invocations=68 (full 0):
 garbage-first heap   total 419840K, used 253144K [0x00000000e0000000, 0x0000000100000000)
  region size 1024K, 2 young (2048K), 1 survivors (1024K)
 Metaspace       used 22634K, committed 22848K, reserved 1073152K
  class space    used 2469K, committed 2560K, reserved 1048576K
}
Event: 19.033 GC heap after
{Heap after GC invocations=69 (full 0):
 garbage-first heap   total 419840K, used 253149K [0x00000000e0000000, 0x0000000100000000)
  region size 1024K, 1 young (1024K), 1 survivors (1024K)
 Metaspace       used 22634K, committed 22848K, reserved 1073152K
  class space    used 2469K, committed 2560K, reserved 1048576K
}
Event: 19.174 GC heap before
{Heap before GC invocations=70 (full 0):
 garbage-first heap   total 424960K, used 257245K [0x00000000e0000000, 0x0000000100000000)
  region size 1024K, 2 young (2048K), 1 survivors (1024K)
 Metaspace       used 22634K, committed 22848K, reserved 1073152K
  class space    used 2469K, committed 2560K, reserved 1048576K
}
Event: 19.176 GC heap after
{Heap after GC invocations=71 (full 0):
 garbage-first heap   total 424960K, used 257247K [0x00000000e0000000, 0x0000000100000000)
  region size 1024K, 1 young (1024K), 1 survivors (1024K)
 Metaspace       used 22634K, committed 22848K, reserved 1073152K
  class space    used 2469K, committed 2560K, reserved 1048576K
}
Event: 20.007 GC heap before
{Heap before GC invocations=72 (full 0):
 garbage-first heap   total 440320K, used 266463K [0x00000000e0000000, 0x0000000100000000)
  region size 1024K, 3 young (3072K), 1 survivors (1024K)
 Metaspace       used 22715K, committed 22976K, reserved 1073152K
  class space    used 2476K, committed 2624K, reserved 1048576K
}
Event: 20.010 GC heap after
{Heap after GC invocations=73 (full 0):
 garbage-first heap   total 440320K, used 265450K [0x00000000e0000000, 0x0000000100000000)
  region size 1024K, 1 young (1024K), 1 survivors (1024K)
 Metaspace       used 22715K, committed 22976K, reserved 1073152K
  class space    used 2476K, committed 2624K, reserved 1048576K
}

