# JRE version: Java(TM) SE Runtime Environment (17.0.6+9) (build 17.0.6+9-LTS-190)
# Java VM: Java HotSpot(TM) 64-Bit Server VM (17.0.6+9-LTS-190, mixed mode, sharing, tiered, compressed oops, compressed class ptrs, g1 gc, windows-amd64)
GC Precious Log:
 CPUs: 2 total, 2 available
 Memory: 2047M
 Large Page Support: Disabled
 NUMA Support: Disabled
 Compressed Oops: Enabled (32-bit)
 Heap Region Size: 1M
 Heap Min Capacity: 8M
 Heap Initial Capacity: 32M
 Heap Max Capacity: 512M
 Pre-touch: Disabled
 Parallel Workers: 2
 Concurrent Workers: 1
 Concurrent Refinement Workers: 2
 Periodic GC: Disabled
Heap:
 garbage-first heap   total 422912K, used 178807K [0x00000000e0000000, 0x0000000100000000)
  region size 1024K, 1 young (1024K), 1 survivors (1024K)
 Metaspace       used 23468K, committed 23680K, reserved 1073152K
  class space    used 2507K, committed 2624K, reserved 1048576K
GC Heap History (20 events):
Event: 54.930 GC heap after
{Heap after GC invocations=693 (full 0):
 garbage-first heap   total 422912K, used 178809K [0x00000000e0000000, 0x0000000100000000)
  region size 1024K, 1 young (1024K), 1 survivors (1024K)
 Metaspace       used 23468K, committed 23680K, reserved 1073152K
  class space    used 2507K, committed 2624K, reserved 1048576K
}
Event: 54.954 GC heap before
{Heap before GC invocations=693 (full 0):
 garbage-first heap   total 422912K, used 187001K [0x00000000e0000000, 0x0000000100000000)
  region size 1024K, 2 young (2048K), 1 survivors (1024K)
 Metaspace       used 23468K, committed 23680K, reserved 1073152K
  class space    used 2507K, committed 2624K, reserved 1048576K
}
Event: 54.955 GC heap after
{Heap after GC invocations=694 (full 0):
 garbage-first heap   total 422912K, used 187001K [0x00000000e0000000, 0x0000000100000000)
  region size 1024K, 1 young (1024K), 1 survivors (1024K)
 Metaspace       used 23468K, committed 23680K, reserved 1073152K
  class space    used 2507K, committed 2624K, reserved 1048576K
}
Event: 54.962 GC heap before
{Heap before GC invocations=694 (full 0):
 garbage-first heap   total 422912K, used 191097K [0x00000000e0000000, 0x0000000100000000)
  region size 1024K, 2 young (2048K), 1 survivors (1024K)
 Metaspace       used 23468K, committed 23680K, reserved 1073152K
  class space    used 2507K, committed 2624K, reserved 1048576K
}
Event: 54.963 GC heap after
{Heap after GC invocations=695 (full 0):
 garbage-first heap   total 422912K, used 141941K [0x00000000e0000000, 0x0000000100000000)
  region size 1024K, 1 young (1024K), 1 survivors (1024K)
 Metaspace       used 23468K, committed 23680K, reserved 1073152K
  class space    used 2507K, committed 2624K, reserved 1048576K
}
Event: 55.128 GC heap before
{Heap before GC invocations=695 (full 0):
 garbage-first heap   total 422912K, used 186997K [0x00000000e0000000, 0x0000000100000000)
  region size 1024K, 2 young (2048K), 1 survivors (1024K)
 Metaspace       used 23468K, committed 23680K, reserved 1073152K
  class space    used 2507K, committed 2624K, reserved 1048576K
}
Event: 55.140 GC heap after
{Heap after GC invocations=696 (full 0):
 garbage-first heap   total 422912K, used 182905K [0x00000000e0000000, 0x0000000100000000)
  region size 1024K, 1 young (1024K), 1 survivors (1024K)
 Metaspace       used 23468K, committed 23680K, reserved 1073152K
  class space    used 2507K, committed 2624K, reserved 1048576K
}
Event: 55.142 GC heap before
{Heap before GC invocations=696 (full 0):
 garbage-first heap   total 422912K, used 187001K [0x00000000e0000000, 0x0000000100000000)
  region size 1024K, 2 young (2048K), 1 survivors (1024K)
 Metaspace       used 23468K, committed 23680K, reserved 1073152K
  class space    used 2507K, committed 2624K, reserved 1048576K
}
Event: 55.143 GC heap after
{Heap after GC invocations=697 (full 0):
 garbage-first heap   total 422912K, used 187003K [0x00000000e0000000, 0x0000000100000000)
  region size 1024K, 1 young (1024K), 1 survivors (1024K)
 Metaspace       used 23468K, committed 23680K, reserved 1073152K
  class space    used 2507K, committed 2624K, reserved 1048576K
}
Event: 55.146 GC heap before
{Heap before GC invocations=697 (full 0):
 garbage-first heap   total 422912K, used 191099K [0x00000000e0000000, 0x0000000100000000)
  region size 1024K, 2 young (2048K), 1 survivors (1024K)
 Metaspace       used 23468K, committed 23680K, reserved 1073152K
  class space    used 2507K, committed 2624K, reserved 1048576K
}
Event: 55.147 GC heap after
{Heap after GC invocations=698 (full 0):
 garbage-first heap   total 422912K, used 141939K [0x00000000e0000000, 0x0000000100000000)
  region size 1024K, 1 young (1024K), 1 survivors (1024K)
 Metaspace       used 23468K, committed 23680K, reserved 1073152K
  class space    used 2507K, committed 2624K, reserved 1048576K
}
Event: 55.241 GC heap before
{Heap before GC invocations=698 (full 0):
 garbage-first heap   total 422912K, used 186995K [0x00000000e0000000, 0x0000000100000000)
  region size 1024K, 2 young (2048K), 1 survivors (1024K)
 Metaspace       used 23468K, committed 23680K, reserved 1073152K
  class space    used 2507K, committed 2624K, reserved 1048576K
}
Event: 55.249 GC heap after
{Heap after GC invocations=699 (full 0):
 garbage-first heap   total 422912K, used 182903K [0x00000000e0000000, 0x0000000100000000)
  region size 1024K, 1 young (1024K), 1 survivors (1024K)
 Metaspace       used 23468K, committed 23680K, reserved 1073152K
  class space    used 2507K, committed 2624K, reserved 1048576K
}
Event: 55.284 GC heap before
{Heap before GC invocations=699 (full 0):
 garbage-first heap   total 422912K, used 191095K [0x00000000e0000000, 0x0000000100000000)
  region size 1024K, 2 young (2048K), 1 survivors (1024K)
 Metaspace       used 23468K, committed 23680K, reserved 1073152K
  class space    used 2507K, committed 2624K, reserved 1048576K
}
Event: 55.286 GC heap after
{Heap after GC invocations=700 (full 0):
 garbage-first heap   total 422912K, used 146039K [0x00000000e0000000, 0x0000000100000000)
  region size 1024K, 1 young (1024K), 1 survivors (1024K)
 Metaspace       used 23468K, committed 23680K, reserved 1073152K
  class space    used 2507K, committed 2624K, reserved 1048576K
}
Event: 55.386 GC heap before
{Heap before GC invocations=700 (full 0):
 garbage-first heap   total 422912K, used 186999K [0x00000000e0000000, 0x0000000100000000)
  region size 1024K, 2 young (2048K), 1 survivors (1024K)
 Metaspace       used 23468K, committed 23680K, reserved 1073152K
  class space    used 2507K, committed 2624K, reserved 1048576K
}
Event: 55.392 GC heap after
{Heap after GC invocations=701 (full 0):
 garbage-first heap   total 422912K, used 178809K [0x00000000e0000000, 0x0000000100000000)
  region size 1024K, 1 young (1024K), 1 survivors (1024K)
 Metaspace       used 23468K, committed 23680K, reserved 1073152K
  class space    used 2507K, committed 2624K, reserved 1048576K
}
Event: 55.395 GC heap before
{Heap before GC invocations=701 (full 0):
 garbage-first heap   total 422912K, used 187001K [0x00000000e0000000, 0x0000000100000000)
  region size 1024K, 2 young (2048K), 1 survivors (1024K)
 Metaspace       used 23468K, committed 23680K, reserved 1073152K
  class space    used 2507K, committed 2624K, reserved 1048576K
}
Event: 55.397 GC heap after
{Heap after GC invocations=702 (full 0):
 garbage-first heap   total 422912K, used 146037K [0x00000000e0000000, 0x0000000100000000)
  region size 1024K, 1 young (1024K), 1 survivors (1024K)
 Metaspace       used 23468K, committed 23680K, reserved 1073152K
  class space    used 2507K, committed 2624K, reserved 1048576K
}
Event: 55.469 GC heap before
{Heap before GC invocations=702 (full 0):
 garbage-first heap   total 422912K, used 186997K [0x00000000e0000000, 0x0000000100000000)
  region size 1024K, 2 young (2048K), 1 survivors (1024K)
 Metaspace       used 23468K, committed 23680K, reserved 1073152K
  class space    used 2507K, committed 2624K, reserved 1048576K
}

