# JRE version: Java(TM) SE Runtime Environment (17.0.6+9) (build 17.0.6+9-LTS-190)
# Java VM: Java HotSpot(TM) 64-Bit Server VM (17.0.6+9-LTS-190, mixed mode, sharing, tiered, compressed oops, compressed class ptrs, g1 gc, windows-amd64)
GC Precious Log:
 CPUs: 2 total, 2 available
 Memory: 2047M
 Large Page Support: Disabled
 NUMA Support: Disabled
 Compressed Oops: Enabled (32-bit)
 Heap Region Size: 1M
 Heap Min Capacity: 8M
 Heap Initial Capacity: 32M
 Heap Max Capacity: 512M
 Pre-touch: Disabled
 Parallel Workers: 2
 Concurrent Workers: 1
 Concurrent Refinement Workers: 2
 Periodic GC: Disabled
Heap:
 garbage-first heap   total 423936K, used 186154K [0x00000000e0000000, 0x0000000100000000)
  region size 1024K, 1 young (1024K), 1 survivors (1024K)
 Metaspace       used 23584K, committed 23808K, reserved 1073152K
  class space    used 2503K, committed 2624K, reserved 1048576K
GC Heap History (20 events):
Event: 65.709 GC heap after
{Heap after GC invocations=135 (full 0):
 garbage-first heap   total 396288K, used 202523K [0x00000000e0000000, 0x0000000100000000)
  region size 1024K, 1 young (1024K), 1 survivors (1024K)
 Metaspace       used 23582K, committed 23808K, reserved 1073152K
  class space    used 2502K, committed 2624K, reserved 1048576K
}
Event: 65.777 GC heap before
{Heap before GC invocations=136 (full 0):
 garbage-first heap   total 396288K, used 194331K [0x00000000e0000000, 0x0000000100000000)
  region size 1024K, 3 young (3072K), 1 survivors (1024K)
 Metaspace       used 23582K, committed 23808K, reserved 1073152K
  class space    used 2502K, committed 2624K, reserved 1048576K
}
Event: 65.779 GC heap after
{Heap after GC invocations=137 (full 0):
 garbage-first heap   total 396288K, used 194336K [0x00000000e0000000, 0x0000000100000000)
  region size 1024K, 1 young (1024K), 1 survivors (1024K)
 Metaspace       used 23582K, committed 23808K, reserved 1073152K
  class space    used 2502K, committed 2624K, reserved 1048576K
}
Event: 65.911 GC heap before
{Heap before GC invocations=138 (full 0):
 garbage-first heap   total 396288K, used 231200K [0x00000000e0000000, 0x0000000100000000)
  region size 1024K, 2 young (2048K), 1 survivors (1024K)
 Metaspace       used 23582K, committed 23808K, reserved 1073152K
  class space    used 2502K, committed 2624K, reserved 1048576K
}
Event: 65.914 GC heap after
{Heap after GC invocations=139 (full 0):
 garbage-first heap   total 396288K, used 206622K [0x00000000e0000000, 0x0000000100000000)
  region size 1024K, 1 young (1024K), 1 survivors (1024K)
 Metaspace       used 23582K, committed 23808K, reserved 1073152K
  class space    used 2502K, committed 2624K, reserved 1048576K
}
Event: 66.061 GC heap before
{Heap before GC invocations=140 (full 0):
 garbage-first heap   total 423936K, used 251678K [0x00000000e0000000, 0x0000000100000000)
  region size 1024K, 3 young (3072K), 1 survivors (1024K)
 Metaspace       used 23584K, committed 23808K, reserved 1073152K
  class space    used 2503K, committed 2624K, reserved 1048576K
}
Event: 66.064 GC heap after
{Heap after GC invocations=141 (full 0):
 garbage-first heap   total 423936K, used 214816K [0x00000000e0000000, 0x0000000100000000)
  region size 1024K, 1 young (1024K), 1 survivors (1024K)
 Metaspace       used 23584K, committed 23808K, reserved 1073152K
  class space    used 2503K, committed 2624K, reserved 1048576K
}
Event: 66.169 GC heap before
{Heap before GC invocations=142 (full 0):
 garbage-first heap   total 423936K, used 218912K [0x00000000e0000000, 0x0000000100000000)
  region size 1024K, 2 young (2048K), 1 survivors (1024K)
 Metaspace       used 23584K, committed 23808K, reserved 1073152K
  class space    used 2503K, committed 2624K, reserved 1048576K
}
Event: 66.171 GC heap after
{Heap after GC invocations=143 (full 0):
 garbage-first heap   total 423936K, used 173856K [0x00000000e0000000, 0x0000000100000000)
  region size 1024K, 1 young (1024K), 1 survivors (1024K)
 Metaspace       used 23584K, committed 23808K, reserved 1073152K
  class space    used 2503K, committed 2624K, reserved 1048576K
}
Event: 66.202 GC heap before
{Heap before GC invocations=143 (full 0):
 garbage-first heap   total 423936K, used 190240K [0x00000000e0000000, 0x0000000100000000)
  region size 1024K, 2 young (2048K), 1 survivors (1024K)
 Metaspace       used 23584K, committed 23808K, reserved 1073152K
  class space    used 2503K, committed 2624K, reserved 1048576K
}
Event: 66.203 GC heap after
{Heap after GC invocations=144 (full 0):
 garbage-first heap   total 423936K, used 186149K [0x00000000e0000000, 0x0000000100000000)
  region size 1024K, 1 young (1024K), 1 survivors (1024K)
 Metaspace       used 23584K, committed 23808K, reserved 1073152K
  class space    used 2503K, committed 2624K, reserved 1048576K
}
Event: 66.205 GC heap before
{Heap before GC invocations=144 (full 0):
 garbage-first heap   total 423936K, used 191269K [0x00000000e0000000, 0x0000000100000000)
  region size 1024K, 3 young (3072K), 1 survivors (1024K)
 Metaspace       used 23584K, committed 23808K, reserved 1073152K
  class space    used 2503K, committed 2624K, reserved 1048576K
}
Event: 66.206 GC heap after
{Heap after GC invocations=145 (full 0):
 garbage-first heap   total 423936K, used 173861K [0x00000000e0000000, 0x0000000100000000)
  region size 1024K, 1 young (1024K), 1 survivors (1024K)
 Metaspace       used 23584K, committed 23808K, reserved 1073152K
  class space    used 2503K, committed 2624K, reserved 1048576K
}
Event: 66.236 GC heap before
{Heap before GC invocations=145 (full 0):
 garbage-first heap   total 423936K, used 191269K [0x00000000e0000000, 0x0000000100000000)
  region size 1024K, 3 young (3072K), 1 survivors (1024K)
 Metaspace       used 23584K, committed 23808K, reserved 1073152K
  class space    used 2503K, committed 2624K, reserved 1048576K
}
Event: 66.237 GC heap after
{Heap after GC invocations=146 (full 0):
 garbage-first heap   total 423936K, used 186149K [0x00000000e0000000, 0x0000000100000000)
  region size 1024K, 1 young (1024K), 1 survivors (1024K)
 Metaspace       used 23584K, committed 23808K, reserved 1073152K
  class space    used 2503K, committed 2624K, reserved 1048576K
}
Event: 66.239 GC heap before
{Heap before GC invocations=146 (full 0):
 garbage-first heap   total 423936K, used 190245K [0x00000000e0000000, 0x0000000100000000)
  region size 1024K, 2 young (2048K), 1 survivors (1024K)
 Metaspace       used 23584K, committed 23808K, reserved 1073152K
  class space    used 2503K, committed 2624K, reserved 1048576K
}
Event: 66.240 GC heap after
{Heap after GC invocations=147 (full 0):
 garbage-first heap   total 423936K, used 190247K [0x00000000e0000000, 0x0000000100000000)
  region size 1024K, 1 young (1024K), 1 survivors (1024K)
 Metaspace       used 23584K, committed 23808K, reserved 1073152K
  class space    used 2503K, committed 2624K, reserved 1048576K
}
Event: 66.242 GC heap before
{Heap before GC invocations=147 (full 0):
 garbage-first heap   total 423936K, used 194343K [0x00000000e0000000, 0x0000000100000000)
  region size 1024K, 2 young (2048K), 1 survivors (1024K)
 Metaspace       used 23584K, committed 23808K, reserved 1073152K
  class space    used 2503K, committed 2624K, reserved 1048576K
}
Event: 66.244 GC heap after
{Heap after GC invocations=148 (full 0):
 garbage-first heap   total 423936K, used 173861K [0x00000000e0000000, 0x0000000100000000)
  region size 1024K, 1 young (1024K), 1 survivors (1024K)
 Metaspace       used 23584K, committed 23808K, reserved 1073152K
  class space    used 2503K, committed 2624K, reserved 1048576K
}
Event: 66.248 GC heap before
{Heap before GC invocations=148 (full 0):
 garbage-first heap   total 423936K, used 191269K [0x00000000e0000000, 0x0000000100000000)
  region size 1024K, 3 young (3072K), 1 survivors (1024K)
 Metaspace       used 23584K, committed 23808K, reserved 1073152K
  class space    used 2503K, committed 2624K, reserved 1048576K
}

