# JRE version: Java(TM) SE Runtime Environment (17.0.6+9) (build 17.0.6+9-LTS-190)
# Java VM: Java HotSpot(TM) 64-Bit Server VM (17.0.6+9-LTS-190, mixed mode, sharing, tiered, compressed oops, compressed class ptrs, g1 gc, windows-amd64)
GC Precious Log:
 CPUs: 2 total, 2 available
 Memory: 2047M
 Large Page Support: Disabled
 NUMA Support: Disabled
 Compressed Oops: Enabled (32-bit)
 Heap Region Size: 1M
 Heap Min Capacity: 8M
 Heap Initial Capacity: 32M
 Heap Max Capacity: 512M
 Pre-touch: Disabled
 Parallel Workers: 2
 Concurrent Workers: 1
 Concurrent Refinement Workers: 2
 Periodic GC: Disabled
Heap:
 garbage-first heap   total 434176K, used 265357K [0x00000000e0000000, 0x0000000100000000)
  region size 1024K, 2 young (2048K), 1 survivors (1024K)
 Metaspace       used 22936K, committed 23232K, reserved 1073152K
  class space    used 2490K, committed 2624K, reserved 1048576K
GC Heap History (20 events):
Event: 25.696 GC heap before
{Heap before GC invocations=48 (full 0):
 garbage-first heap   total 357376K, used 213025K [0x00000000e0000000, 0x0000000100000000)
  region size 1024K, 3 young (3072K), 1 survivors (1024K)
 Metaspace       used 22817K, committed 23104K, reserved 1073152K
  class space    used 2473K, committed 2624K, reserved 1048576K
}
Event: 25.698 GC heap after
{Heap after GC invocations=49 (full 0):
 garbage-first heap   total 357376K, used 211983K [0x00000000e0000000, 0x0000000100000000)
  region size 1024K, 1 young (1024K), 1 survivors (1024K)
 Metaspace       used 22817K, committed 23104K, reserved 1073152K
  class space    used 2473K, committed 2624K, reserved 1048576K
}
Event: 25.768 GC heap before
{Heap before GC invocations=50 (full 0):
 garbage-first heap   total 362496K, used 217103K [0x00000000e0000000, 0x0000000100000000)
  region size 1024K, 3 young (3072K), 1 survivors (1024K)
 Metaspace       used 22817K, committed 23104K, reserved 1073152K
  class space    used 2473K, committed 2624K, reserved 1048576K
}
Event: 25.770 GC heap after
{Heap after GC invocations=51 (full 0):
 garbage-first heap   total 362496K, used 216083K [0x00000000e0000000, 0x0000000100000000)
  region size 1024K, 1 young (1024K), 1 survivors (1024K)
 Metaspace       used 22817K, committed 23104K, reserved 1073152K
  class space    used 2473K, committed 2624K, reserved 1048576K
}
Event: 25.921 GC heap before
{Heap before GC invocations=52 (full 0):
 garbage-first heap   total 370688K, used 225299K [0x00000000e0000000, 0x0000000100000000)
  region size 1024K, 3 young (3072K), 1 survivors (1024K)
 Metaspace       used 22820K, committed 23104K, reserved 1073152K
  class space    used 2473K, committed 2624K, reserved 1048576K
}
Event: 25.923 GC heap after
{Heap after GC invocations=53 (full 0):
 garbage-first heap   total 370688K, used 224276K [0x00000000e0000000, 0x0000000100000000)
  region size 1024K, 1 young (1024K), 1 survivors (1024K)
 Metaspace       used 22820K, committed 23104K, reserved 1073152K
  class space    used 2473K, committed 2624K, reserved 1048576K
}
Event: 26.006 GC heap before
{Heap before GC invocations=54 (full 0):
 garbage-first heap   total 382976K, used 229396K [0x00000000e0000000, 0x0000000100000000)
  region size 1024K, 3 young (3072K), 1 survivors (1024K)
 Metaspace       used 22820K, committed 23104K, reserved 1073152K
  class space    used 2473K, committed 2624K, reserved 1048576K
}
Event: 26.008 GC heap after
{Heap after GC invocations=55 (full 0):
 garbage-first heap   total 382976K, used 228377K [0x00000000e0000000, 0x0000000100000000)
  region size 1024K, 1 young (1024K), 1 survivors (1024K)
 Metaspace       used 22820K, committed 23104K, reserved 1073152K
  class space    used 2473K, committed 2624K, reserved 1048576K
}
Event: 26.118 GC heap before
{Heap before GC invocations=56 (full 0):
 garbage-first heap   total 391168K, used 233497K [0x00000000e0000000, 0x0000000100000000)
  region size 1024K, 3 young (3072K), 1 survivors (1024K)
 Metaspace       used 22820K, committed 23104K, reserved 1073152K
  class space    used 2473K, committed 2624K, reserved 1048576K
}
Event: 26.130 GC heap after
{Heap after GC invocations=57 (full 0):
 garbage-first heap   total 391168K, used 232477K [0x00000000e0000000, 0x0000000100000000)
  region size 1024K, 1 young (1024K), 1 survivors (1024K)
 Metaspace       used 22820K, committed 23104K, reserved 1073152K
  class space    used 2473K, committed 2624K, reserved 1048576K
}
Event: 26.247 GC heap before
{Heap before GC invocations=58 (full 0):
 garbage-first heap   total 399360K, used 237597K [0x00000000e0000000, 0x0000000100000000)
  region size 1024K, 3 young (3072K), 1 survivors (1024K)
 Metaspace       used 22820K, committed 23104K, reserved 1073152K
  class space    used 2473K, committed 2624K, reserved 1048576K
}
Event: 26.249 GC heap after
{Heap after GC invocations=59 (full 0):
 garbage-first heap   total 399360K, used 236573K [0x00000000e0000000, 0x0000000100000000)
  region size 1024K, 1 young (1024K), 1 survivors (1024K)
 Metaspace       used 22820K, committed 23104K, reserved 1073152K
  class space    used 2473K, committed 2624K, reserved 1048576K
}
Event: 26.333 GC heap before
{Heap before GC invocations=60 (full 0):
 garbage-first heap   total 406528K, used 240669K [0x00000000e0000000, 0x0000000100000000)
  region size 1024K, 2 young (2048K), 1 survivors (1024K)
 Metaspace       used 22820K, committed 23104K, reserved 1073152K
  class space    used 2473K, committed 2624K, reserved 1048576K
}
Event: 26.335 GC heap after
{Heap after GC invocations=61 (full 0):
 garbage-first heap   total 406528K, used 240669K [0x00000000e0000000, 0x0000000100000000)
  region size 1024K, 1 young (1024K), 1 survivors (1024K)
 Metaspace       used 22820K, committed 23104K, reserved 1073152K
  class space    used 2473K, committed 2624K, reserved 1048576K
}
Event: 26.532 GC heap before
{Heap before GC invocations=62 (full 0):
 garbage-first heap   total 411648K, used 245789K [0x00000000e0000000, 0x0000000100000000)
  region size 1024K, 4 young (4096K), 1 survivors (1024K)
 Metaspace       used 22869K, committed 23104K, reserved 1073152K
  class space    used 2484K, committed 2624K, reserved 1048576K
}
Event: 26.534 GC heap after
{Heap after GC invocations=63 (full 0):
 garbage-first heap   total 411648K, used 244828K [0x00000000e0000000, 0x0000000100000000)
  region size 1024K, 1 young (1024K), 1 survivors (1024K)
 Metaspace       used 22869K, committed 23104K, reserved 1073152K
  class space    used 2484K, committed 2624K, reserved 1048576K
}
Event: 26.908 GC heap before
{Heap before GC invocations=64 (full 0):
 garbage-first heap   total 419840K, used 254044K [0x00000000e0000000, 0x0000000100000000)
  region size 1024K, 3 young (3072K), 1 survivors (1024K)
 Metaspace       used 22911K, committed 23168K, reserved 1073152K
  class space    used 2490K, committed 2624K, reserved 1048576K
}
Event: 26.910 GC heap after
{Heap after GC invocations=65 (full 0):
 garbage-first heap   total 419840K, used 253070K [0x00000000e0000000, 0x0000000100000000)
  region size 1024K, 1 young (1024K), 1 survivors (1024K)
 Metaspace       used 22911K, committed 23168K, reserved 1073152K
  class space    used 2490K, committed 2624K, reserved 1048576K
}
Event: 27.058 GC heap before
{Heap before GC invocations=66 (full 0):
 garbage-first heap   total 434176K, used 262286K [0x00000000e0000000, 0x0000000100000000)
  region size 1024K, 3 young (3072K), 1 survivors (1024K)
 Metaspace       used 22936K, committed 23232K, reserved 1073152K
  class space    used 2490K, committed 2624K, reserved 1048576K
}
Event: 27.060 GC heap after
{Heap after GC invocations=67 (full 0):
 garbage-first heap   total 434176K, used 261261K [0x00000000e0000000, 0x0000000100000000)
  region size 1024K, 1 young (1024K), 1 survivors (1024K)
 Metaspace       used 22936K, committed 23232K, reserved 1073152K
  class space    used 2490K, committed 2624K, reserved 1048576K
}

